2023-04-25 20:27:59,985 Extracting SIFT features...
2023-04-25 20:28:00,267 Generating matches...
2023-04-25 20:28:02,319 Processing matches...
2023-04-25 20:28:02,321 Computing homographies...
2023-04-25 20:28:02,383 Computing adjacency matrix...
2023-04-25 20:28:02,891 Building network and ordering...
2023-04-25 20:28:02,891 Number of panoramas detected: 1
2023-04-25 20:28:02,902 Loaded backend module://matplotlib_inline.backend_inline version unknown.
2023-04-25 20:28:02,909 Loaded backend module://matplotlib_inline.backend_inline version unknown.
2023-04-25 20:28:03,019 top of Axes not in the figure, so title not moved
2023-04-25 20:28:03,036 top of Axes not in the figure, so title not moved
2023-04-25 20:28:03,042 top of Axes not in the figure, so title not moved
2023-04-25 20:28:03,047 top of Axes not in the figure, so title not moved
2023-04-25 20:28:03,086 Performing bundle adjustment for each panorama...
2023-04-25 20:28:03,086 Panorama 1
2023-04-25 20:28:06,092 Completed bundle adjustment for all panoramas
2023-04-25 20:28:07,473 top of Axes not in the figure, so title not moved
2023-04-25 20:28:07,504 top of Axes not in the figure, so title not moved
2023-04-25 20:28:51,721 Extracting SIFT features...
2023-04-25 20:28:51,942 Generating matches...
2023-04-25 20:28:53,774 Processing matches...
2023-04-25 20:28:53,775 Computing homographies...
2023-04-25 20:28:53,821 Computing adjacency matrix...
2023-04-25 20:28:53,821 Building network and ordering...
2023-04-25 20:28:53,822 Number of panoramas detected: 1
2023-04-25 20:28:53,844 top of Axes not in the figure, so title not moved
2023-04-25 20:28:53,850 top of Axes not in the figure, so title not moved
2023-04-25 20:28:53,854 top of Axes not in the figure, so title not moved
2023-04-25 20:28:53,857 top of Axes not in the figure, so title not moved
2023-04-25 20:28:53,883 Performing bundle adjustment for each panorama...
2023-04-25 20:28:53,883 Panorama 1
2023-04-25 20:28:56,665 Completed bundle adjustment for all panoramas
2023-04-25 20:28:58,126 top of Axes not in the figure, so title not moved
2023-04-25 20:28:58,159 top of Axes not in the figure, so title not moved
2023-04-25 20:29:11,349 Extracting SIFT features...
2023-04-25 20:29:11,570 Generating matches...
2023-04-25 20:29:13,314 Processing matches...
2023-04-25 20:29:13,315 Computing homographies...
2023-04-25 20:29:13,366 Computing adjacency matrix...
2023-04-25 20:29:13,366 Building network and ordering...
2023-04-25 20:29:13,366 Number of panoramas detected: 1
2023-04-25 20:29:13,390 top of Axes not in the figure, so title not moved
2023-04-25 20:29:13,396 top of Axes not in the figure, so title not moved
2023-04-25 20:29:13,400 top of Axes not in the figure, so title not moved
2023-04-25 20:29:13,405 top of Axes not in the figure, so title not moved
2023-04-25 20:29:13,430 Performing bundle adjustment for each panorama...
2023-04-25 20:29:13,430 Panorama 1
2023-04-25 20:29:15,955 Completed bundle adjustment for all panoramas
2023-04-25 20:29:17,540 top of Axes not in the figure, so title not moved
2023-04-25 20:29:17,567 top of Axes not in the figure, so title not moved
2023-04-25 20:29:33,463 Extracting SIFT features...
2023-04-25 20:29:33,653 Generating matches...
2023-04-25 20:29:35,330 Processing matches...
2023-04-25 20:29:35,330 Computing homographies...
2023-04-25 20:29:35,373 Computing adjacency matrix...
2023-04-25 20:29:35,373 Building network and ordering...
2023-04-25 20:29:35,373 Number of panoramas detected: 1
2023-04-25 20:29:35,397 top of Axes not in the figure, so title not moved
2023-04-25 20:29:35,401 top of Axes not in the figure, so title not moved
2023-04-25 20:29:35,405 top of Axes not in the figure, so title not moved
2023-04-25 20:29:35,409 top of Axes not in the figure, so title not moved
2023-04-25 20:29:35,431 Performing bundle adjustment for each panorama...
2023-04-25 20:29:35,432 Panorama 1
2023-04-25 20:29:39,048 Completed bundle adjustment for all panoramas
2023-04-25 20:29:40,264 top of Axes not in the figure, so title not moved
2023-04-25 20:29:40,293 top of Axes not in the figure, so title not moved
2023-04-25 20:42:09,974 Extracting SIFT features...
2023-04-25 20:42:10,114 Generating matches...
2023-04-25 20:42:10,282 Processing matches...
2023-04-25 20:42:10,283 Computing homographies...
2023-04-25 20:42:10,288 Computing adjacency matrix...
2023-04-25 20:42:10,288 Building network and ordering...
2023-04-25 20:42:10,288 Number of panoramas detected: 1
2023-04-25 20:42:10,311 top of Axes not in the figure, so title not moved
2023-04-25 20:42:10,314 top of Axes not in the figure, so title not moved
2023-04-25 20:42:10,316 top of Axes not in the figure, so title not moved
2023-04-25 20:42:10,320 top of Axes not in the figure, so title not moved
2023-04-25 20:42:10,336 Performing bundle adjustment for each panorama...
2023-04-25 20:42:10,336 Panorama 1
2023-04-25 20:42:10,543 Completed bundle adjustment for all panoramas
2023-04-25 20:42:11,110 Extracting SIFT features...
2023-04-25 20:42:11,251 Generating matches...
2023-04-25 20:42:11,429 Processing matches...
2023-04-25 20:42:11,429 Computing homographies...
2023-04-25 20:42:11,436 Computing adjacency matrix...
2023-04-25 20:42:11,436 Building network and ordering...
2023-04-25 20:42:11,436 Number of panoramas detected: 1
2023-04-25 20:42:11,456 top of Axes not in the figure, so title not moved
2023-04-25 20:42:11,459 top of Axes not in the figure, so title not moved
2023-04-25 20:42:11,461 top of Axes not in the figure, so title not moved
2023-04-25 20:42:11,464 top of Axes not in the figure, so title not moved
2023-04-25 20:42:11,481 Performing bundle adjustment for each panorama...
2023-04-25 20:42:11,481 Panorama 1
2023-04-25 20:42:12,243 Completed bundle adjustment for all panoramas
2023-04-25 20:42:12,386 Extracting SIFT features...
2023-04-25 20:42:12,519 Generating matches...
2023-04-25 20:42:12,748 Processing matches...
2023-04-25 20:42:12,748 Computing homographies...
2023-04-25 20:42:12,755 Computing adjacency matrix...
2023-04-25 20:42:12,756 Building network and ordering...
2023-04-25 20:42:12,756 Number of panoramas detected: 1
2023-04-25 20:42:12,777 top of Axes not in the figure, so title not moved
2023-04-25 20:42:12,779 top of Axes not in the figure, so title not moved
2023-04-25 20:42:12,782 top of Axes not in the figure, so title not moved
2023-04-25 20:42:12,785 top of Axes not in the figure, so title not moved
2023-04-25 20:42:12,802 Performing bundle adjustment for each panorama...
2023-04-25 20:42:12,802 Panorama 1
2023-04-25 20:42:13,101 Completed bundle adjustment for all panoramas
2023-04-25 20:42:26,852 Extracting SIFT features...
2023-04-25 20:42:26,960 Generating matches...
2023-04-25 20:42:26,989 Processing matches...
2023-04-25 20:42:26,989 Computing homographies...
2023-04-25 20:42:26,992 Computing adjacency matrix...
2023-04-25 20:42:26,992 Building network and ordering...
2023-04-25 20:42:26,992 Number of panoramas detected: 1
2023-04-25 20:42:27,017 top of Axes not in the figure, so title not moved
2023-04-25 20:42:27,020 top of Axes not in the figure, so title not moved
2023-04-25 20:42:27,022 top of Axes not in the figure, so title not moved
2023-04-25 20:42:27,026 top of Axes not in the figure, so title not moved
2023-04-25 20:42:27,044 Performing bundle adjustment for each panorama...
2023-04-25 20:42:27,044 Panorama 1
2023-04-25 20:42:27,087 Completed bundle adjustment for all panoramas
2023-04-25 20:42:27,675 Extracting SIFT features...
2023-04-25 20:42:27,761 Generating matches...
2023-04-25 20:42:27,784 Processing matches...
2023-04-25 20:42:27,784 Computing homographies...
2023-04-25 20:42:27,786 Computing adjacency matrix...
2023-04-25 20:42:27,786 Building network and ordering...
2023-04-25 20:42:27,786 Number of panoramas detected: 1
2023-04-25 20:42:27,980 top of Axes not in the figure, so title not moved
2023-04-25 20:42:27,982 top of Axes not in the figure, so title not moved
2023-04-25 20:42:27,985 top of Axes not in the figure, so title not moved
2023-04-25 20:42:27,989 top of Axes not in the figure, so title not moved
2023-04-25 20:42:28,006 Performing bundle adjustment for each panorama...
2023-04-25 20:42:28,007 Panorama 1
2023-04-25 20:42:28,050 Completed bundle adjustment for all panoramas
2023-04-25 20:42:28,204 Extracting SIFT features...
2023-04-25 20:42:28,345 Generating matches...
2023-04-25 20:42:28,370 Processing matches...
2023-04-25 20:42:28,370 Computing homographies...
2023-04-25 20:42:28,371 Computing adjacency matrix...
2023-04-25 20:42:28,371 Building network and ordering...
2023-04-25 20:42:28,372 Number of panoramas detected: 1
2023-04-25 20:42:28,390 top of Axes not in the figure, so title not moved
2023-04-25 20:42:28,392 top of Axes not in the figure, so title not moved
2023-04-25 20:42:28,396 top of Axes not in the figure, so title not moved
2023-04-25 20:42:28,399 top of Axes not in the figure, so title not moved
2023-04-25 20:42:28,416 Performing bundle adjustment for each panorama...
2023-04-25 20:42:28,416 Panorama 1
2023-04-25 20:42:28,460 Completed bundle adjustment for all panoramas
2023-04-25 20:42:29,809 Extracting SIFT features...
2023-04-25 20:42:29,896 Generating matches...
2023-04-25 20:42:29,915 Processing matches...
2023-04-25 20:42:29,916 Computing homographies...
2023-04-25 20:42:29,918 Computing adjacency matrix...
2023-04-25 20:42:29,919 Building network and ordering...
2023-04-25 20:42:29,919 Number of panoramas detected: 1
2023-04-25 20:42:29,943 top of Axes not in the figure, so title not moved
2023-04-25 20:42:29,947 top of Axes not in the figure, so title not moved
2023-04-25 20:42:29,952 top of Axes not in the figure, so title not moved
2023-04-25 20:42:29,957 top of Axes not in the figure, so title not moved
2023-04-25 20:42:29,976 Performing bundle adjustment for each panorama...
2023-04-25 20:42:29,977 Panorama 1
2023-04-25 20:42:30,020 Completed bundle adjustment for all panoramas
2023-04-25 20:42:30,528 Extracting SIFT features...
2023-04-25 20:42:30,607 Generating matches...
2023-04-25 20:42:30,625 Processing matches...
2023-04-25 20:42:30,625 Computing homographies...
2023-04-25 20:42:30,629 Computing adjacency matrix...
2023-04-25 20:42:30,629 Building network and ordering...
2023-04-25 20:42:30,629 Number of panoramas detected: 1
2023-04-25 20:42:30,651 top of Axes not in the figure, so title not moved
2023-04-25 20:42:30,655 top of Axes not in the figure, so title not moved
2023-04-25 20:42:30,658 top of Axes not in the figure, so title not moved
2023-04-25 20:42:30,661 top of Axes not in the figure, so title not moved
2023-04-25 20:42:30,677 Performing bundle adjustment for each panorama...
2023-04-25 20:42:30,677 Panorama 1
2023-04-25 20:42:30,740 Completed bundle adjustment for all panoramas
2023-04-25 20:42:30,877 Extracting SIFT features...
2023-04-25 20:42:30,967 Generating matches...
2023-04-25 20:42:30,987 Processing matches...
2023-04-25 20:42:30,987 Computing homographies...
2023-04-25 20:42:30,990 Computing adjacency matrix...
2023-04-25 20:42:30,990 Building network and ordering...
2023-04-25 20:42:30,990 Number of panoramas detected: 1
2023-04-25 20:42:31,008 top of Axes not in the figure, so title not moved
2023-04-25 20:42:31,010 top of Axes not in the figure, so title not moved
2023-04-25 20:42:31,013 top of Axes not in the figure, so title not moved
2023-04-25 20:42:31,016 top of Axes not in the figure, so title not moved
2023-04-25 20:42:31,033 Performing bundle adjustment for each panorama...
2023-04-25 20:42:31,033 Panorama 1
2023-04-25 20:42:31,074 Completed bundle adjustment for all panoramas
2023-04-25 20:42:32,014 Extracting SIFT features...
2023-04-25 20:42:32,104 Generating matches...
2023-04-25 20:42:32,135 Processing matches...
2023-04-25 20:42:32,135 Computing homographies...
2023-04-25 20:42:32,138 Computing adjacency matrix...
2023-04-25 20:42:32,138 Building network and ordering...
2023-04-25 20:42:32,138 Number of panoramas detected: 1
2023-04-25 20:42:32,158 top of Axes not in the figure, so title not moved
2023-04-25 20:42:32,162 top of Axes not in the figure, so title not moved
2023-04-25 20:42:32,164 top of Axes not in the figure, so title not moved
2023-04-25 20:42:32,168 top of Axes not in the figure, so title not moved
2023-04-25 20:42:32,194 Performing bundle adjustment for each panorama...
2023-04-25 20:42:32,195 Panorama 1
2023-04-25 20:42:32,287 Completed bundle adjustment for all panoramas
2023-04-25 20:42:32,978 Extracting SIFT features...
2023-04-25 20:42:33,061 Generating matches...
2023-04-25 20:42:33,088 Processing matches...
2023-04-25 20:42:33,088 Computing homographies...
2023-04-25 20:42:33,091 Computing adjacency matrix...
2023-04-25 20:42:33,091 Building network and ordering...
2023-04-25 20:42:33,091 Number of panoramas detected: 1
2023-04-25 20:42:33,110 top of Axes not in the figure, so title not moved
2023-04-25 20:42:33,112 top of Axes not in the figure, so title not moved
2023-04-25 20:42:33,114 top of Axes not in the figure, so title not moved
2023-04-25 20:42:33,117 top of Axes not in the figure, so title not moved
2023-04-25 20:42:33,134 Performing bundle adjustment for each panorama...
2023-04-25 20:42:33,134 Panorama 1
2023-04-25 20:42:33,272 Completed bundle adjustment for all panoramas
2023-04-25 20:42:33,454 Extracting SIFT features...
2023-04-25 20:42:33,540 Generating matches...
2023-04-25 20:42:33,566 Processing matches...
2023-04-25 20:42:33,567 Computing homographies...
2023-04-25 20:42:33,570 Computing adjacency matrix...
2023-04-25 20:42:33,570 Building network and ordering...
2023-04-25 20:42:33,570 Number of panoramas detected: 1
2023-04-25 20:42:33,589 top of Axes not in the figure, so title not moved
2023-04-25 20:42:33,591 top of Axes not in the figure, so title not moved
2023-04-25 20:42:33,593 top of Axes not in the figure, so title not moved
2023-04-25 20:42:33,597 top of Axes not in the figure, so title not moved
2023-04-25 20:42:33,613 Performing bundle adjustment for each panorama...
2023-04-25 20:42:33,613 Panorama 1
2023-04-25 20:42:33,658 Completed bundle adjustment for all panoramas
2023-04-25 20:42:34,164 Extracting SIFT features...
2023-04-25 20:42:34,271 Generating matches...
2023-04-25 20:42:34,354 Processing matches...
2023-04-25 20:42:34,354 Computing homographies...
2023-04-25 20:42:34,358 Computing adjacency matrix...
2023-04-25 20:42:34,358 Building network and ordering...
2023-04-25 20:42:34,358 Number of panoramas detected: 1
2023-04-25 20:42:34,378 top of Axes not in the figure, so title not moved
2023-04-25 20:42:34,381 top of Axes not in the figure, so title not moved
2023-04-25 20:42:34,383 top of Axes not in the figure, so title not moved
2023-04-25 20:42:34,388 top of Axes not in the figure, so title not moved
2023-04-25 20:42:34,405 Performing bundle adjustment for each panorama...
2023-04-25 20:42:34,405 Panorama 1
2023-04-25 20:42:34,629 Completed bundle adjustment for all panoramas
2023-04-25 20:42:35,160 Extracting SIFT features...
2023-04-25 20:42:35,272 Generating matches...
2023-04-25 20:42:35,355 Processing matches...
2023-04-25 20:42:35,355 Computing homographies...
2023-04-25 20:42:35,359 Computing adjacency matrix...
2023-04-25 20:42:35,360 Building network and ordering...
2023-04-25 20:42:35,360 Number of panoramas detected: 1
2023-04-25 20:42:35,379 top of Axes not in the figure, so title not moved
2023-04-25 20:42:35,381 top of Axes not in the figure, so title not moved
2023-04-25 20:42:35,383 top of Axes not in the figure, so title not moved
2023-04-25 20:42:35,386 top of Axes not in the figure, so title not moved
2023-04-25 20:42:35,403 Performing bundle adjustment for each panorama...
2023-04-25 20:42:35,403 Panorama 1
2023-04-25 20:42:35,700 Completed bundle adjustment for all panoramas
2023-04-25 20:42:35,847 Extracting SIFT features...
2023-04-25 20:42:35,952 Generating matches...
2023-04-25 20:42:36,036 Processing matches...
2023-04-25 20:42:36,036 Computing homographies...
2023-04-25 20:42:36,040 Computing adjacency matrix...
2023-04-25 20:42:36,040 Building network and ordering...
2023-04-25 20:42:36,040 Number of panoramas detected: 1
2023-04-25 20:42:36,060 top of Axes not in the figure, so title not moved
2023-04-25 20:42:36,062 top of Axes not in the figure, so title not moved
2023-04-25 20:42:36,064 top of Axes not in the figure, so title not moved
2023-04-25 20:42:36,067 top of Axes not in the figure, so title not moved
2023-04-25 20:42:36,083 Performing bundle adjustment for each panorama...
2023-04-25 20:42:36,083 Panorama 1
2023-04-25 20:42:36,432 Completed bundle adjustment for all panoramas
2023-04-25 20:42:36,546 Extracting SIFT features...
2023-04-25 20:42:36,650 Generating matches...
2023-04-25 20:42:36,743 Processing matches...
2023-04-25 20:42:36,744 Computing homographies...
2023-04-25 20:42:36,747 Computing adjacency matrix...
2023-04-25 20:42:36,747 Building network and ordering...
2023-04-25 20:42:36,747 Number of panoramas detected: 1
2023-04-25 20:42:36,767 top of Axes not in the figure, so title not moved
2023-04-25 20:42:36,770 top of Axes not in the figure, so title not moved
2023-04-25 20:42:36,772 top of Axes not in the figure, so title not moved
2023-04-25 20:42:36,776 top of Axes not in the figure, so title not moved
2023-04-25 20:42:36,794 Performing bundle adjustment for each panorama...
2023-04-25 20:42:36,794 Panorama 1
2023-04-25 20:42:36,884 Completed bundle adjustment for all panoramas
2023-04-25 20:42:38,593 Extracting SIFT features...
2023-04-25 20:42:38,695 Generating matches...
2023-04-25 20:42:38,792 Processing matches...
2023-04-25 20:42:38,792 Computing homographies...
2023-04-25 20:42:38,796 Computing adjacency matrix...
2023-04-25 20:42:38,796 Building network and ordering...
2023-04-25 20:42:38,796 Number of panoramas detected: 1
2023-04-25 20:42:38,818 top of Axes not in the figure, so title not moved
2023-04-25 20:42:38,821 top of Axes not in the figure, so title not moved
2023-04-25 20:42:38,823 top of Axes not in the figure, so title not moved
2023-04-25 20:42:38,826 top of Axes not in the figure, so title not moved
2023-04-25 20:42:38,843 Performing bundle adjustment for each panorama...
2023-04-25 20:42:38,843 Panorama 1
2023-04-25 20:42:39,002 Completed bundle adjustment for all panoramas
2023-04-25 20:42:39,278 Extracting SIFT features...
2023-04-25 20:42:39,384 Generating matches...
2023-04-25 20:42:39,480 Processing matches...
2023-04-25 20:42:39,480 Computing homographies...
2023-04-25 20:42:39,483 Computing adjacency matrix...
2023-04-25 20:42:39,483 Building network and ordering...
2023-04-25 20:42:39,483 Number of panoramas detected: 1
2023-04-25 20:42:39,503 top of Axes not in the figure, so title not moved
2023-04-25 20:42:39,505 top of Axes not in the figure, so title not moved
2023-04-25 20:42:39,507 top of Axes not in the figure, so title not moved
2023-04-25 20:42:39,511 top of Axes not in the figure, so title not moved
2023-04-25 20:42:39,529 Performing bundle adjustment for each panorama...
2023-04-25 20:42:39,529 Panorama 1
2023-04-25 20:42:39,624 Completed bundle adjustment for all panoramas
2023-04-25 20:42:40,336 Extracting SIFT features...
2023-04-25 20:42:40,467 Generating matches...
2023-04-25 20:42:40,556 Processing matches...
2023-04-25 20:42:40,556 Computing homographies...
2023-04-25 20:42:40,559 Computing adjacency matrix...
2023-04-25 20:42:40,559 Building network and ordering...
2023-04-25 20:42:40,559 Number of panoramas detected: 1
2023-04-25 20:42:40,584 top of Axes not in the figure, so title not moved
2023-04-25 20:42:40,586 top of Axes not in the figure, so title not moved
2023-04-25 20:42:40,590 top of Axes not in the figure, so title not moved
2023-04-25 20:42:40,595 top of Axes not in the figure, so title not moved
2023-04-25 20:42:40,612 Performing bundle adjustment for each panorama...
2023-04-25 20:42:40,613 Panorama 1
2023-04-25 20:42:40,737 Completed bundle adjustment for all panoramas
2023-04-25 20:42:41,433 Extracting SIFT features...
2023-04-25 20:42:41,567 Generating matches...
2023-04-25 20:42:41,652 Processing matches...
2023-04-25 20:42:41,653 Computing homographies...
2023-04-25 20:42:41,657 Computing adjacency matrix...
2023-04-25 20:42:41,657 Building network and ordering...
2023-04-25 20:42:41,657 Number of panoramas detected: 1
2023-04-25 20:42:41,678 top of Axes not in the figure, so title not moved
2023-04-25 20:42:41,680 top of Axes not in the figure, so title not moved
2023-04-25 20:42:41,683 top of Axes not in the figure, so title not moved
2023-04-25 20:42:41,687 top of Axes not in the figure, so title not moved
2023-04-25 20:42:41,703 Performing bundle adjustment for each panorama...
2023-04-25 20:42:41,703 Panorama 1
2023-04-25 20:42:41,858 Completed bundle adjustment for all panoramas
2023-04-25 20:42:42,030 Extracting SIFT features...
2023-04-25 20:42:42,129 Generating matches...
2023-04-25 20:42:42,213 Processing matches...
2023-04-25 20:42:42,213 Computing homographies...
2023-04-25 20:42:42,216 Computing adjacency matrix...
2023-04-25 20:42:42,216 Building network and ordering...
2023-04-25 20:42:42,216 Number of panoramas detected: 1
2023-04-25 20:42:42,236 top of Axes not in the figure, so title not moved
2023-04-25 20:42:42,238 top of Axes not in the figure, so title not moved
2023-04-25 20:42:42,241 top of Axes not in the figure, so title not moved
2023-04-25 20:42:42,244 top of Axes not in the figure, so title not moved
2023-04-25 20:42:42,261 Performing bundle adjustment for each panorama...
2023-04-25 20:42:42,261 Panorama 1
2023-04-25 20:42:42,420 Completed bundle adjustment for all panoramas
2023-04-25 20:42:42,947 Extracting SIFT features...
2023-04-25 20:42:43,059 Generating matches...
2023-04-25 20:42:43,152 Processing matches...
2023-04-25 20:42:43,152 Computing homographies...
2023-04-25 20:42:43,155 Computing adjacency matrix...
2023-04-25 20:42:43,155 Building network and ordering...
2023-04-25 20:42:43,155 Number of panoramas detected: 1
2023-04-25 20:42:43,177 top of Axes not in the figure, so title not moved
2023-04-25 20:42:43,179 top of Axes not in the figure, so title not moved
2023-04-25 20:42:43,182 top of Axes not in the figure, so title not moved
2023-04-25 20:42:43,186 top of Axes not in the figure, so title not moved
2023-04-25 20:42:43,204 Performing bundle adjustment for each panorama...
2023-04-25 20:42:43,204 Panorama 1
2023-04-25 20:42:43,331 Completed bundle adjustment for all panoramas
2023-04-25 20:42:44,811 Extracting SIFT features...
2023-04-25 20:42:44,925 Generating matches...
2023-04-25 20:42:45,018 Processing matches...
2023-04-25 20:42:45,018 Computing homographies...
2023-04-25 20:42:45,022 Computing adjacency matrix...
2023-04-25 20:42:45,022 Building network and ordering...
2023-04-25 20:42:45,022 Number of panoramas detected: 1
2023-04-25 20:42:45,103 top of Axes not in the figure, so title not moved
2023-04-25 20:42:45,106 top of Axes not in the figure, so title not moved
2023-04-25 20:42:45,108 top of Axes not in the figure, so title not moved
2023-04-25 20:42:45,111 top of Axes not in the figure, so title not moved
2023-04-25 20:42:45,128 Performing bundle adjustment for each panorama...
2023-04-25 20:42:45,128 Panorama 1
2023-04-25 20:42:45,222 Completed bundle adjustment for all panoramas
2023-04-25 20:42:45,680 Extracting SIFT features...
2023-04-25 20:42:45,802 Generating matches...
2023-04-25 20:42:45,906 Processing matches...
2023-04-25 20:42:45,906 Computing homographies...
2023-04-25 20:42:45,910 Computing adjacency matrix...
2023-04-25 20:42:45,910 Building network and ordering...
2023-04-25 20:42:45,910 Number of panoramas detected: 1
2023-04-25 20:42:45,930 top of Axes not in the figure, so title not moved
2023-04-25 20:42:45,932 top of Axes not in the figure, so title not moved
2023-04-25 20:42:45,934 top of Axes not in the figure, so title not moved
2023-04-25 20:42:45,937 top of Axes not in the figure, so title not moved
2023-04-25 20:42:45,956 Performing bundle adjustment for each panorama...
2023-04-25 20:42:45,956 Panorama 1
2023-04-25 20:42:46,130 Completed bundle adjustment for all panoramas
2023-04-25 20:42:46,289 Extracting SIFT features...
2023-04-25 20:42:46,424 Generating matches...
2023-04-25 20:42:46,538 Processing matches...
2023-04-25 20:42:46,539 Computing homographies...
2023-04-25 20:42:46,543 Computing adjacency matrix...
2023-04-25 20:42:46,543 Building network and ordering...
2023-04-25 20:42:46,544 Number of panoramas detected: 1
2023-04-25 20:42:46,572 top of Axes not in the figure, so title not moved
2023-04-25 20:42:46,575 top of Axes not in the figure, so title not moved
2023-04-25 20:42:46,579 top of Axes not in the figure, so title not moved
2023-04-25 20:42:46,584 top of Axes not in the figure, so title not moved
2023-04-25 20:42:46,603 Performing bundle adjustment for each panorama...
2023-04-25 20:42:46,604 Panorama 1
2023-04-25 20:42:46,821 Completed bundle adjustment for all panoramas
2023-04-25 20:42:47,559 Extracting SIFT features...
2023-04-25 20:42:47,684 Generating matches...
2023-04-25 20:42:47,786 Processing matches...
2023-04-25 20:42:47,786 Computing homographies...
2023-04-25 20:42:47,789 Computing adjacency matrix...
2023-04-25 20:42:47,789 Building network and ordering...
2023-04-25 20:42:47,789 Number of panoramas detected: 1
2023-04-25 20:42:47,812 top of Axes not in the figure, so title not moved
2023-04-25 20:42:47,814 top of Axes not in the figure, so title not moved
2023-04-25 20:42:47,816 top of Axes not in the figure, so title not moved
2023-04-25 20:42:47,821 top of Axes not in the figure, so title not moved
2023-04-25 20:42:47,838 Performing bundle adjustment for each panorama...
2023-04-25 20:42:47,838 Panorama 1
2023-04-25 20:42:47,926 Completed bundle adjustment for all panoramas
2023-04-25 20:42:48,180 Extracting SIFT features...
2023-04-25 20:42:48,287 Generating matches...
2023-04-25 20:42:48,386 Processing matches...
2023-04-25 20:42:48,386 Computing homographies...
2023-04-25 20:42:48,391 Computing adjacency matrix...
2023-04-25 20:42:48,391 Building network and ordering...
2023-04-25 20:42:48,391 Number of panoramas detected: 1
2023-04-25 20:42:48,413 top of Axes not in the figure, so title not moved
2023-04-25 20:42:48,416 top of Axes not in the figure, so title not moved
2023-04-25 20:42:48,418 top of Axes not in the figure, so title not moved
2023-04-25 20:42:48,423 top of Axes not in the figure, so title not moved
2023-04-25 20:42:48,439 Performing bundle adjustment for each panorama...
2023-04-25 20:42:48,439 Panorama 1
2023-04-25 20:42:48,509 Completed bundle adjustment for all panoramas
2023-04-25 20:42:48,630 Extracting SIFT features...
2023-04-25 20:42:48,739 Generating matches...
2023-04-25 20:42:48,838 Processing matches...
2023-04-25 20:42:48,838 Computing homographies...
2023-04-25 20:42:48,842 Computing adjacency matrix...
2023-04-25 20:42:48,842 Building network and ordering...
2023-04-25 20:42:48,842 Number of panoramas detected: 1
2023-04-25 20:42:48,862 top of Axes not in the figure, so title not moved
2023-04-25 20:42:48,864 top of Axes not in the figure, so title not moved
2023-04-25 20:42:48,866 top of Axes not in the figure, so title not moved
2023-04-25 20:42:48,869 top of Axes not in the figure, so title not moved
2023-04-25 20:42:48,886 Performing bundle adjustment for each panorama...
2023-04-25 20:42:48,886 Panorama 1
2023-04-25 20:42:49,190 Completed bundle adjustment for all panoramas
2023-04-25 20:42:50,166 Extracting SIFT features...
2023-04-25 20:42:50,314 Generating matches...
2023-04-25 20:42:50,414 Processing matches...
2023-04-25 20:42:50,414 Computing homographies...
2023-04-25 20:42:50,418 Computing adjacency matrix...
2023-04-25 20:42:50,418 Building network and ordering...
2023-04-25 20:42:50,418 Number of panoramas detected: 1
2023-04-25 20:42:50,453 top of Axes not in the figure, so title not moved
2023-04-25 20:42:50,458 top of Axes not in the figure, so title not moved
2023-04-25 20:42:50,465 top of Axes not in the figure, so title not moved
2023-04-25 20:42:50,472 top of Axes not in the figure, so title not moved
2023-04-25 20:42:50,496 Performing bundle adjustment for each panorama...
2023-04-25 20:42:50,496 Panorama 1
2023-04-25 20:42:50,807 Completed bundle adjustment for all panoramas
2023-04-25 20:42:51,002 Extracting SIFT features...
2023-04-25 20:42:51,139 Generating matches...
2023-04-25 20:42:51,247 Processing matches...
2023-04-25 20:42:51,247 Computing homographies...
2023-04-25 20:42:51,250 Computing adjacency matrix...
2023-04-25 20:42:51,251 Building network and ordering...
2023-04-25 20:42:51,251 Number of panoramas detected: 1
2023-04-25 20:42:51,278 top of Axes not in the figure, so title not moved
2023-04-25 20:42:51,281 top of Axes not in the figure, so title not moved
2023-04-25 20:42:51,285 top of Axes not in the figure, so title not moved
2023-04-25 20:42:51,289 top of Axes not in the figure, so title not moved
2023-04-25 20:42:51,309 Performing bundle adjustment for each panorama...
2023-04-25 20:42:51,309 Panorama 1
2023-04-25 20:42:51,573 Completed bundle adjustment for all panoramas
2023-04-25 21:05:55,935 Extracting SIFT features...
2023-04-25 21:05:56,476 Generating matches...
2023-04-25 21:05:56,891 Processing matches...
2023-04-25 21:05:56,892 Computing homographies...
2023-04-25 21:05:56,954 Computing adjacency matrix...
2023-04-25 21:05:56,957 Building network and ordering...
2023-04-25 21:05:56,958 Number of panoramas detected: 1
2023-04-25 21:05:57,002 top of Axes not in the figure, so title not moved
2023-04-25 21:05:57,006 top of Axes not in the figure, so title not moved
2023-04-25 21:05:57,010 top of Axes not in the figure, so title not moved
2023-04-25 21:05:57,015 top of Axes not in the figure, so title not moved
2023-04-25 21:05:57,034 Performing bundle adjustment for each panorama...
2023-04-25 21:05:57,034 Panorama 1
2023-04-25 21:05:57,760 Completed bundle adjustment for all panoramas
2023-04-25 21:06:03,045 top of Axes not in the figure, so title not moved
2023-04-25 21:06:03,065 top of Axes not in the figure, so title not moved
2023-04-25 21:07:55,142 Extracting SIFT features...
2023-04-25 21:07:55,784 Generating matches...
2023-04-25 21:07:56,254 Processing matches...
2023-04-25 21:07:56,255 Computing homographies...
2023-04-25 21:07:56,313 Computing adjacency matrix...
2023-04-25 21:07:56,313 Building network and ordering...
2023-04-25 21:07:56,313 Number of panoramas detected: 1
2023-04-25 21:07:56,338 top of Axes not in the figure, so title not moved
2023-04-25 21:07:56,341 top of Axes not in the figure, so title not moved
2023-04-25 21:07:56,343 top of Axes not in the figure, so title not moved
2023-04-25 21:07:56,347 top of Axes not in the figure, so title not moved
2023-04-25 21:07:56,365 Performing bundle adjustment for each panorama...
2023-04-25 21:07:56,365 Panorama 1
2023-04-25 21:07:57,104 Completed bundle adjustment for all panoramas
2023-04-25 21:08:01,317 top of Axes not in the figure, so title not moved
2023-04-25 21:08:01,339 top of Axes not in the figure, so title not moved
2023-04-25 21:08:28,996 Extracting SIFT features...
2023-04-25 21:08:29,527 Generating matches...
2023-04-25 21:08:30,056 Processing matches...
2023-04-25 21:08:30,056 Computing homographies...
2023-04-25 21:08:30,123 Computing adjacency matrix...
2023-04-25 21:08:30,123 Building network and ordering...
2023-04-25 21:08:30,123 Number of panoramas detected: 1
2023-04-25 21:08:30,149 top of Axes not in the figure, so title not moved
2023-04-25 21:08:30,152 top of Axes not in the figure, so title not moved
2023-04-25 21:08:30,155 top of Axes not in the figure, so title not moved
2023-04-25 21:08:30,160 top of Axes not in the figure, so title not moved
2023-04-25 21:08:30,177 Performing bundle adjustment for each panorama...
2023-04-25 21:08:30,177 Panorama 1
2023-04-25 21:08:31,522 Completed bundle adjustment for all panoramas
2023-04-25 21:08:33,108 top of Axes not in the figure, so title not moved
2023-04-25 21:08:33,128 top of Axes not in the figure, so title not moved
2023-04-25 21:08:50,001 Extracting SIFT features...
2023-04-25 21:08:50,565 Generating matches...
2023-04-25 21:08:51,468 Processing matches...
2023-04-25 21:08:51,469 Computing homographies...
2023-04-25 21:08:51,541 Computing adjacency matrix...
2023-04-25 21:08:51,541 Building network and ordering...
2023-04-25 21:08:51,541 Number of panoramas detected: 1
2023-04-25 21:08:51,560 top of Axes not in the figure, so title not moved
2023-04-25 21:08:51,562 top of Axes not in the figure, so title not moved
2023-04-25 21:08:51,565 top of Axes not in the figure, so title not moved
2023-04-25 21:08:51,569 top of Axes not in the figure, so title not moved
2023-04-25 21:08:51,586 Performing bundle adjustment for each panorama...
2023-04-25 21:08:51,587 Panorama 1
2023-04-25 21:08:52,105 Completed bundle adjustment for all panoramas
2023-04-25 21:08:58,738 top of Axes not in the figure, so title not moved
2023-04-25 21:08:58,766 top of Axes not in the figure, so title not moved
2023-04-25 21:09:13,737 Extracting SIFT features...
2023-04-25 21:09:14,269 Generating matches...
2023-04-25 21:09:14,757 Processing matches...
2023-04-25 21:09:14,761 Computing homographies...
2023-04-25 21:09:14,833 Computing adjacency matrix...
2023-04-25 21:09:14,835 Building network and ordering...
2023-04-25 21:09:14,835 Number of panoramas detected: 1
2023-04-25 21:09:14,856 top of Axes not in the figure, so title not moved
2023-04-25 21:09:14,859 top of Axes not in the figure, so title not moved
2023-04-25 21:09:14,862 top of Axes not in the figure, so title not moved
2023-04-25 21:09:14,864 top of Axes not in the figure, so title not moved
2023-04-25 21:09:14,882 Performing bundle adjustment for each panorama...
2023-04-25 21:09:14,882 Panorama 1
2023-04-25 21:09:16,786 Completed bundle adjustment for all panoramas
2023-04-25 21:09:19,592 top of Axes not in the figure, so title not moved
2023-04-25 21:09:19,614 top of Axes not in the figure, so title not moved
2023-04-25 21:09:30,198 Extracting SIFT features...
2023-04-25 21:09:30,692 Generating matches...
2023-04-25 21:09:31,167 Processing matches...
2023-04-25 21:09:31,167 Computing homographies...
2023-04-25 21:09:31,275 Computing adjacency matrix...
2023-04-25 21:09:31,275 Building network and ordering...
2023-04-25 21:09:31,275 Number of panoramas detected: 1
2023-04-25 21:09:31,295 top of Axes not in the figure, so title not moved
2023-04-25 21:09:31,298 top of Axes not in the figure, so title not moved
2023-04-25 21:09:31,301 top of Axes not in the figure, so title not moved
2023-04-25 21:09:31,305 top of Axes not in the figure, so title not moved
2023-04-25 21:09:31,324 Performing bundle adjustment for each panorama...
2023-04-25 21:09:31,324 Panorama 1
2023-04-25 21:09:32,064 Completed bundle adjustment for all panoramas
2023-04-25 21:09:36,653 top of Axes not in the figure, so title not moved
2023-04-25 21:09:36,678 top of Axes not in the figure, so title not moved
2023-04-26 02:55:13,112 Extracting SIFT features...
2023-04-26 02:55:13,402 Generating matches...
2023-04-26 02:55:14,589 Processing matches...
2023-04-26 02:55:14,593 Computing homographies...
2023-04-26 02:55:14,612 Computing adjacency matrix...
2023-04-26 02:55:14,616 Building network and ordering...
2023-04-26 02:55:14,616 Number of panoramas detected: 1
2023-04-26 02:55:14,675 top of Axes not in the figure, so title not moved
2023-04-26 02:55:14,681 top of Axes not in the figure, so title not moved
2023-04-26 02:55:14,686 top of Axes not in the figure, so title not moved
2023-04-26 02:55:14,689 top of Axes not in the figure, so title not moved
2023-04-26 02:55:14,713 Performing bundle adjustment for each panorama...
2023-04-26 02:55:14,713 Panorama 1
2023-04-26 02:55:15,046 Completed bundle adjustment for all panoramas
2023-04-26 02:56:20,492 top of Axes not in the figure, so title not moved
2023-04-26 02:56:20,516 top of Axes not in the figure, so title not moved
2023-04-26 02:58:59,342 Extracting SIFT features...
2023-04-26 02:58:59,650 Generating matches...
2023-04-26 02:59:00,937 Processing matches...
2023-04-26 02:59:00,940 Computing homographies...
2023-04-26 02:59:00,969 Computing adjacency matrix...
2023-04-26 02:59:00,970 Building network and ordering...
2023-04-26 02:59:00,971 Number of panoramas detected: 1
2023-04-26 02:59:01,000 top of Axes not in the figure, so title not moved
2023-04-26 02:59:01,005 top of Axes not in the figure, so title not moved
2023-04-26 02:59:01,011 top of Axes not in the figure, so title not moved
2023-04-26 02:59:01,015 top of Axes not in the figure, so title not moved
2023-04-26 02:59:01,038 Performing bundle adjustment for each panorama...
2023-04-26 02:59:01,038 Panorama 1
2023-04-26 02:59:01,754 Completed bundle adjustment for all panoramas
2023-04-26 02:59:14,797 Extracting SIFT features...
2023-04-26 02:59:15,117 Generating matches...
2023-04-26 02:59:16,549 Processing matches...
2023-04-26 02:59:16,550 Computing homographies...
2023-04-26 02:59:16,577 Computing adjacency matrix...
2023-04-26 02:59:16,578 Building network and ordering...
2023-04-26 02:59:16,578 Number of panoramas detected: 1
2023-04-26 02:59:16,622 top of Axes not in the figure, so title not moved
2023-04-26 02:59:16,633 top of Axes not in the figure, so title not moved
2023-04-26 02:59:16,637 top of Axes not in the figure, so title not moved
2023-04-26 02:59:16,642 top of Axes not in the figure, so title not moved
2023-04-26 02:59:16,690 Performing bundle adjustment for each panorama...
2023-04-26 02:59:16,690 Panorama 1
2023-04-26 02:59:17,045 Completed bundle adjustment for all panoramas
2023-04-26 02:59:25,387 Extracting SIFT features...
2023-04-26 02:59:25,698 Generating matches...
2023-04-26 02:59:27,271 Processing matches...
2023-04-26 02:59:27,272 Computing homographies...
2023-04-26 02:59:27,346 Computing adjacency matrix...
2023-04-26 02:59:27,346 Building network and ordering...
2023-04-26 02:59:27,346 Number of panoramas detected: 1
2023-04-26 02:59:27,373 top of Axes not in the figure, so title not moved
2023-04-26 02:59:27,378 top of Axes not in the figure, so title not moved
2023-04-26 02:59:27,381 top of Axes not in the figure, so title not moved
2023-04-26 02:59:27,386 top of Axes not in the figure, so title not moved
2023-04-26 02:59:27,420 Performing bundle adjustment for each panorama...
2023-04-26 02:59:27,420 Panorama 1
2023-04-26 02:59:28,184 Completed bundle adjustment for all panoramas
2023-04-26 02:59:35,602 top of Axes not in the figure, so title not moved
2023-04-26 02:59:35,624 top of Axes not in the figure, so title not moved
2023-04-26 03:00:33,122 Extracting SIFT features...
2023-04-26 03:00:33,411 Generating matches...
2023-04-26 03:00:34,759 Processing matches...
2023-04-26 03:00:34,759 Computing homographies...
2023-04-26 03:00:34,771 Computing adjacency matrix...
2023-04-26 03:00:34,772 Building network and ordering...
2023-04-26 03:00:34,772 Number of panoramas detected: 1
2023-04-26 03:00:34,799 top of Axes not in the figure, so title not moved
2023-04-26 03:00:34,802 top of Axes not in the figure, so title not moved
2023-04-26 03:00:34,807 top of Axes not in the figure, so title not moved
2023-04-26 03:00:34,810 top of Axes not in the figure, so title not moved
2023-04-26 03:00:34,831 Performing bundle adjustment for each panorama...
2023-04-26 03:00:34,832 Panorama 1
2023-04-26 03:00:35,190 Completed bundle adjustment for all panoramas
2023-04-26 03:01:24,787 top of Axes not in the figure, so title not moved
2023-04-26 03:01:24,813 top of Axes not in the figure, so title not moved
2023-04-26 03:02:26,764 Extracting SIFT features...
2023-04-26 03:02:27,043 Generating matches...
2023-04-26 03:02:28,383 Processing matches...
2023-04-26 03:02:28,386 Computing homographies...
2023-04-26 03:02:28,411 Computing adjacency matrix...
2023-04-26 03:02:28,411 Building network and ordering...
2023-04-26 03:02:28,413 Number of panoramas detected: 1
2023-04-26 03:02:28,449 top of Axes not in the figure, so title not moved
2023-04-26 03:02:28,453 top of Axes not in the figure, so title not moved
2023-04-26 03:02:28,456 top of Axes not in the figure, so title not moved
2023-04-26 03:02:28,461 top of Axes not in the figure, so title not moved
2023-04-26 03:02:28,483 Performing bundle adjustment for each panorama...
2023-04-26 03:02:28,484 Panorama 1
2023-04-26 03:02:29,003 Completed bundle adjustment for all panoramas
2023-04-26 03:02:55,868 top of Axes not in the figure, so title not moved
2023-04-26 03:02:55,891 top of Axes not in the figure, so title not moved
2023-04-26 04:23:33,828 Extracting SIFT features...
2023-04-26 04:23:34,715 Generating matches...
2023-04-26 04:23:49,477 Processing matches...
2023-04-26 04:23:49,486 Computing homographies...
2023-04-26 04:23:49,592 Computing adjacency matrix...
2023-04-26 04:23:49,599 Building network and ordering...
2023-04-26 04:23:49,601 Number of panoramas detected: 3
2023-04-26 04:23:49,684 top of Axes not in the figure, so title not moved
2023-04-26 04:23:49,695 top of Axes not in the figure, so title not moved
2023-04-26 04:23:49,700 top of Axes not in the figure, so title not moved
2023-04-26 04:23:49,707 top of Axes not in the figure, so title not moved
2023-04-26 04:23:49,816 top of Axes not in the figure, so title not moved
2023-04-26 04:23:49,827 top of Axes not in the figure, so title not moved
2023-04-26 04:23:49,835 top of Axes not in the figure, so title not moved
2023-04-26 04:23:49,843 top of Axes not in the figure, so title not moved
2023-04-26 04:23:49,904 top of Axes not in the figure, so title not moved
2023-04-26 04:23:49,907 top of Axes not in the figure, so title not moved
2023-04-26 04:23:49,910 top of Axes not in the figure, so title not moved
2023-04-26 04:23:49,915 top of Axes not in the figure, so title not moved
2023-04-26 04:23:49,943 Performing bundle adjustment for each panorama...
2023-04-26 04:23:49,944 Panorama 1
2023-04-26 04:23:53,478 Panorama 2
2023-04-26 04:23:54,234 Panorama 3
2023-04-26 04:23:55,005 Completed bundle adjustment for all panoramas
2023-04-26 04:24:00,929 top of Axes not in the figure, so title not moved
2023-04-26 04:24:00,956 top of Axes not in the figure, so title not moved
2023-04-26 05:16:25,653 Extracting SIFT features...
2023-04-26 05:16:25,881 Generating matches...
2023-04-26 05:16:26,046 Processing matches...
2023-04-26 05:16:26,048 Computing homographies...
2023-04-26 05:16:26,059 Computing adjacency matrix...
2023-04-26 05:16:26,062 Building network and ordering...
2023-04-26 05:16:26,063 Number of panoramas detected: 1
2023-04-26 05:16:26,123 top of Axes not in the figure, so title not moved
2023-04-26 05:16:26,126 top of Axes not in the figure, so title not moved
2023-04-26 05:16:26,130 top of Axes not in the figure, so title not moved
2023-04-26 05:16:26,134 top of Axes not in the figure, so title not moved
2023-04-26 05:16:26,153 Performing bundle adjustment for each panorama...
2023-04-26 05:16:26,153 Panorama 1
2023-04-26 05:16:26,535 Completed bundle adjustment for all panoramas
2023-04-26 05:16:28,330 top of Axes not in the figure, so title not moved
2023-04-26 05:16:28,349 top of Axes not in the figure, so title not moved
